[0.626s] Invoking command in '/home/li/ros2_us_ws/src/us_pkg': PYTHONPATH=/home/li/ros2_us_ws/build/us_pkg/prefix_override:/usr/lib/python3/dist-packages/colcon_core/task/python/colcon_distutils_commands:/home/li/ros2_us_ws/install/us_pkg/lib/python3.10/site-packages:${PYTHONPATH} /usr/bin/python3 -W ignore:setup.py install is deprecated -W ignore:easy_install command is deprecated setup.py egg_info --egg-base ../../build/us_pkg build --build-base /home/li/ros2_us_ws/build/us_pkg/build install --record /home/li/ros2_us_ws/build/us_pkg/install.log --single-version-externally-managed install_data
[0.784s] running egg_info
[0.784s] writing ../../build/us_pkg/us_pkg.egg-info/PKG-INFO
[0.784s] writing dependency_links to ../../build/us_pkg/us_pkg.egg-info/dependency_links.txt
[0.784s] writing entry points to ../../build/us_pkg/us_pkg.egg-info/entry_points.txt
[0.784s] writing requirements to ../../build/us_pkg/us_pkg.egg-info/requires.txt
[0.785s] writing top-level names to ../../build/us_pkg/us_pkg.egg-info/top_level.txt
[0.786s] reading manifest file '../../build/us_pkg/us_pkg.egg-info/SOURCES.txt'
[0.786s] writing manifest file '../../build/us_pkg/us_pkg.egg-info/SOURCES.txt'
[0.786s] running build
[0.786s] running build_py
[0.786s] running install
[0.787s] running install_lib
[0.787s] running install_data
[0.788s] running install_egg_info
[0.789s] removing '/home/li/ros2_us_ws/install/us_pkg/lib/python3.10/site-packages/us_pkg-0.0.0-py3.10.egg-info' (and everything under it)
[0.789s] Copying ../../build/us_pkg/us_pkg.egg-info to /home/li/ros2_us_ws/install/us_pkg/lib/python3.10/site-packages/us_pkg-0.0.0-py3.10.egg-info
[0.789s] running install_scripts
[0.803s] Installing us_colorbox_node script to /home/li/ros2_us_ws/install/us_pkg/lib/us_pkg
[0.803s] Installing us_datalog_node script to /home/li/ros2_us_ws/install/us_pkg/lib/us_pkg
[0.803s] Installing us_drawline_node script to /home/li/ros2_us_ws/install/us_pkg/lib/us_pkg
[0.803s] Installing us_receiver_node script to /home/li/ros2_us_ws/install/us_pkg/lib/us_pkg
[0.803s] writing list of installed files to '/home/li/ros2_us_ws/build/us_pkg/install.log'
[0.827s] Invoked command in '/home/li/ros2_us_ws/src/us_pkg' returned '0': PYTHONPATH=/home/li/ros2_us_ws/build/us_pkg/prefix_override:/usr/lib/python3/dist-packages/colcon_core/task/python/colcon_distutils_commands:/home/li/ros2_us_ws/install/us_pkg/lib/python3.10/site-packages:${PYTHONPATH} /usr/bin/python3 -W ignore:setup.py install is deprecated -W ignore:easy_install command is deprecated setup.py egg_info --egg-base ../../build/us_pkg build --build-base /home/li/ros2_us_ws/build/us_pkg/build install --record /home/li/ros2_us_ws/build/us_pkg/install.log --single-version-externally-managed install_data
