[0.676s] Invoking command in '/home/li/ros2_us_ws/src/us_pkg': PYTHONPATH=/home/li/ros2_us_ws/build/us_pkg/prefix_override:/usr/lib/python3/dist-packages/colcon_core/task/python/colcon_distutils_commands:/home/li/ros2_us_ws/install/us_pkg/lib/python3.10/site-packages:${PYTHONPATH} /usr/bin/python3 -W ignore:setup.py install is deprecated -W ignore:easy_install command is deprecated setup.py egg_info --egg-base ../../build/us_pkg build --build-base /home/li/ros2_us_ws/build/us_pkg/build install --record /home/li/ros2_us_ws/build/us_pkg/install.log --single-version-externally-managed install_data
[0.836s] running egg_info
[0.837s] writing ../../build/us_pkg/us_pkg.egg-info/PKG-INFO
[0.844s] writing dependency_links to ../../build/us_pkg/us_pkg.egg-info/dependency_links.txt
[0.844s] writing entry points to ../../build/us_pkg/us_pkg.egg-info/entry_points.txt
[0.844s] writing requirements to ../../build/us_pkg/us_pkg.egg-info/requires.txt
[0.844s] writing top-level names to ../../build/us_pkg/us_pkg.egg-info/top_level.txt
[0.846s] reading manifest file '../../build/us_pkg/us_pkg.egg-info/SOURCES.txt'
[0.847s] writing manifest file '../../build/us_pkg/us_pkg.egg-info/SOURCES.txt'
[0.847s] running build
[0.847s] running build_py
[0.847s] running install
[0.847s] running install_lib
[0.848s] running install_data
[0.848s] running install_egg_info
[0.849s] removing '/home/li/ros2_us_ws/install/us_pkg/lib/python3.10/site-packages/us_pkg-0.0.0-py3.10.egg-info' (and everything under it)
[0.849s] Copying ../../build/us_pkg/us_pkg.egg-info to /home/li/ros2_us_ws/install/us_pkg/lib/python3.10/site-packages/us_pkg-0.0.0-py3.10.egg-info
[0.850s] running install_scripts
[0.863s] Installing us_colorbox_node script to /home/li/ros2_us_ws/install/us_pkg/lib/us_pkg
[0.863s] Installing us_datalog_node script to /home/li/ros2_us_ws/install/us_pkg/lib/us_pkg
[0.863s] Installing us_drawline_node script to /home/li/ros2_us_ws/install/us_pkg/lib/us_pkg
[0.863s] Installing us_receiver_node script to /home/li/ros2_us_ws/install/us_pkg/lib/us_pkg
[0.864s] writing list of installed files to '/home/li/ros2_us_ws/build/us_pkg/install.log'
[0.880s] Invoked command in '/home/li/ros2_us_ws/src/us_pkg' returned '0': PYTHONPATH=/home/li/ros2_us_ws/build/us_pkg/prefix_override:/usr/lib/python3/dist-packages/colcon_core/task/python/colcon_distutils_commands:/home/li/ros2_us_ws/install/us_pkg/lib/python3.10/site-packages:${PYTHONPATH} /usr/bin/python3 -W ignore:setup.py install is deprecated -W ignore:easy_install command is deprecated setup.py egg_info --egg-base ../../build/us_pkg build --build-base /home/li/ros2_us_ws/build/us_pkg/build install --record /home/li/ros2_us_ws/build/us_pkg/install.log --single-version-externally-managed install_data
