running egg_info
creating ../../build/us_pkg/us_pkg.egg-info
writing ../../build/us_pkg/us_pkg.egg-info/PKG-INFO
writing dependency_links to ../../build/us_pkg/us_pkg.egg-info/dependency_links.txt
writing entry points to ../../build/us_pkg/us_pkg.egg-info/entry_points.txt
writing requirements to ../../build/us_pkg/us_pkg.egg-info/requires.txt
writing top-level names to ../../build/us_pkg/us_pkg.egg-info/top_level.txt
writing manifest file '../../build/us_pkg/us_pkg.egg-info/SOURCES.txt'
reading manifest file '../../build/us_pkg/us_pkg.egg-info/SOURCES.txt'
writing manifest file '../../build/us_pkg/us_pkg.egg-info/SOURCES.txt'
running build
running build_py
creating /home/li/ros2_us_ws/build/us_pkg/build
creating /home/li/ros2_us_ws/build/us_pkg/build/lib
creating /home/li/ros2_us_ws/build/us_pkg/build/lib/us_pkg
copying us_pkg/__init__.py -> /home/li/ros2_us_ws/build/us_pkg/build/lib/us_pkg
copying us_pkg/us_receiver_node.py -> /home/li/ros2_us_ws/build/us_pkg/build/lib/us_pkg
running install
running install_lib
creating /home/li/ros2_us_ws/install/us_pkg/lib/python3.10/site-packages/us_pkg
copying /home/li/ros2_us_ws/build/us_pkg/build/lib/us_pkg/us_receiver_node.py -> /home/li/ros2_us_ws/install/us_pkg/lib/python3.10/site-packages/us_pkg
copying /home/li/ros2_us_ws/build/us_pkg/build/lib/us_pkg/__init__.py -> /home/li/ros2_us_ws/install/us_pkg/lib/python3.10/site-packages/us_pkg
byte-compiling /home/li/ros2_us_ws/install/us_pkg/lib/python3.10/site-packages/us_pkg/us_receiver_node.py to us_receiver_node.cpython-310.pyc
byte-compiling /home/li/ros2_us_ws/install/us_pkg/lib/python3.10/site-packages/us_pkg/__init__.py to __init__.cpython-310.pyc
running install_data
creating /home/li/ros2_us_ws/install/us_pkg/share/ament_index
creating /home/li/ros2_us_ws/install/us_pkg/share/ament_index/resource_index
creating /home/li/ros2_us_ws/install/us_pkg/share/ament_index/resource_index/packages
copying resource/us_pkg -> /home/li/ros2_us_ws/install/us_pkg/share/ament_index/resource_index/packages
copying package.xml -> /home/li/ros2_us_ws/install/us_pkg/share/us_pkg
running install_egg_info
Copying ../../build/us_pkg/us_pkg.egg-info to /home/li/ros2_us_ws/install/us_pkg/lib/python3.10/site-packages/us_pkg-0.0.0-py3.10.egg-info
running install_scripts
Installing us_receiver_node script to /home/li/ros2_us_ws/install/us_pkg/lib/us_pkg
writing list of installed files to '/home/li/ros2_us_ws/build/us_pkg/install.log'
