[0.477s] Invoking command in '/home/li/ros2_us_ws/src/us_pkg': PYTHONPATH=/home/li/ros2_us_ws/build/us_pkg/prefix_override:/usr/lib/python3/dist-packages/colcon_core/task/python/colcon_distutils_commands:/home/li/ros2_us_ws/install/us_pkg/lib/python3.10/site-packages:${PYTHONPATH} /usr/bin/python3 -W ignore:setup.py install is deprecated -W ignore:easy_install command is deprecated setup.py egg_info --egg-base ../../build/us_pkg build --build-base /home/li/ros2_us_ws/build/us_pkg/build install --record /home/li/ros2_us_ws/build/us_pkg/install.log --single-version-externally-managed install_data
[0.633s] running egg_info
[0.634s] creating ../../build/us_pkg/us_pkg.egg-info
[0.634s] writing ../../build/us_pkg/us_pkg.egg-info/PKG-INFO
[0.634s] writing dependency_links to ../../build/us_pkg/us_pkg.egg-info/dependency_links.txt
[0.634s] writing entry points to ../../build/us_pkg/us_pkg.egg-info/entry_points.txt
[0.634s] writing requirements to ../../build/us_pkg/us_pkg.egg-info/requires.txt
[0.634s] writing top-level names to ../../build/us_pkg/us_pkg.egg-info/top_level.txt
[0.634s] writing manifest file '../../build/us_pkg/us_pkg.egg-info/SOURCES.txt'
[0.635s] reading manifest file '../../build/us_pkg/us_pkg.egg-info/SOURCES.txt'
[0.635s] writing manifest file '../../build/us_pkg/us_pkg.egg-info/SOURCES.txt'
[0.635s] running build
[0.635s] running build_py
[0.635s] creating /home/li/ros2_us_ws/build/us_pkg/build
[0.636s] creating /home/li/ros2_us_ws/build/us_pkg/build/lib
[0.636s] creating /home/li/ros2_us_ws/build/us_pkg/build/lib/us_pkg
[0.636s] copying us_pkg/__init__.py -> /home/li/ros2_us_ws/build/us_pkg/build/lib/us_pkg
[0.636s] copying us_pkg/us_receiver_node.py -> /home/li/ros2_us_ws/build/us_pkg/build/lib/us_pkg
[0.636s] running install
[0.636s] running install_lib
[0.636s] creating /home/li/ros2_us_ws/install/us_pkg/lib/python3.10/site-packages/us_pkg
[0.636s] copying /home/li/ros2_us_ws/build/us_pkg/build/lib/us_pkg/us_receiver_node.py -> /home/li/ros2_us_ws/install/us_pkg/lib/python3.10/site-packages/us_pkg
[0.636s] copying /home/li/ros2_us_ws/build/us_pkg/build/lib/us_pkg/__init__.py -> /home/li/ros2_us_ws/install/us_pkg/lib/python3.10/site-packages/us_pkg
[0.636s] byte-compiling /home/li/ros2_us_ws/install/us_pkg/lib/python3.10/site-packages/us_pkg/us_receiver_node.py to us_receiver_node.cpython-310.pyc
[0.637s] byte-compiling /home/li/ros2_us_ws/install/us_pkg/lib/python3.10/site-packages/us_pkg/__init__.py to __init__.cpython-310.pyc
[0.637s] running install_data
[0.637s] creating /home/li/ros2_us_ws/install/us_pkg/share/ament_index
[0.637s] creating /home/li/ros2_us_ws/install/us_pkg/share/ament_index/resource_index
[0.637s] creating /home/li/ros2_us_ws/install/us_pkg/share/ament_index/resource_index/packages
[0.637s] copying resource/us_pkg -> /home/li/ros2_us_ws/install/us_pkg/share/ament_index/resource_index/packages
[0.637s] copying package.xml -> /home/li/ros2_us_ws/install/us_pkg/share/us_pkg
[0.638s] running install_egg_info
[0.638s] Copying ../../build/us_pkg/us_pkg.egg-info to /home/li/ros2_us_ws/install/us_pkg/lib/python3.10/site-packages/us_pkg-0.0.0-py3.10.egg-info
[0.639s] running install_scripts
[0.652s] Installing us_receiver_node script to /home/li/ros2_us_ws/install/us_pkg/lib/us_pkg
[0.652s] writing list of installed files to '/home/li/ros2_us_ws/build/us_pkg/install.log'
[0.665s] Invoked command in '/home/li/ros2_us_ws/src/us_pkg' returned '0': PYTHONPATH=/home/li/ros2_us_ws/build/us_pkg/prefix_override:/usr/lib/python3/dist-packages/colcon_core/task/python/colcon_distutils_commands:/home/li/ros2_us_ws/install/us_pkg/lib/python3.10/site-packages:${PYTHONPATH} /usr/bin/python3 -W ignore:setup.py install is deprecated -W ignore:easy_install command is deprecated setup.py egg_info --egg-base ../../build/us_pkg build --build-base /home/li/ros2_us_ws/build/us_pkg/build install --record /home/li/ros2_us_ws/build/us_pkg/install.log --single-version-externally-managed install_data
